<?xml version="1.0" encoding="UTF-8"?>
<!-- Generated by org.testng.reporters.JUnitReportReporter -->
<testsuite hostname="LAPTOP-MH308GIC" failures="0" tests="1" name="AmazonTest.Assignment.PhonesTest" time="28.733" errors="0" timestamp="2023-12-14T09:31:13 IST" skipped="0">
  <testcase classname="AmazonTest.Assignment.PhonesTest" name="searchIphone" time="28.733"/>
  <system-out/>
</testsuite> <!-- AmazonTest.Assignment.PhonesTest -->
