<?xml version="1.0" encoding="UTF-8"?>
<!-- Generated by org.testng.reporters.JUnitReportReporter -->
<testsuite hostname="LAPTOP-MH308GIC" failures="0" tests="1" name="AmazonTest.Assignment.Tp" time="6.040" errors="0" timestamp="2023-12-13T16:34:33 IST" skipped="0">
  <testcase classname="AmazonTest.Assignment.Tp" name="T" time="6.040"/>
  <system-out/>
</testsuite> <!-- AmazonTest.Assignment.Tp -->
