<?xml version="1.0" encoding="UTF-8"?>
<!-- Generated by org.testng.reporters.JUnitReportReporter -->
<testsuite hostname="LAPTOP-MH308GIC" failures="0" tests="2" name="Cucumber.TestNGTestRunner" time="119.733" errors="0" timestamp="2023-12-14T11:58:15 IST" skipped="0">
  <testcase classname="Cucumber.TestNGTestRunner" name="runScenario" time="84.601"/>
  <system-out/>
  <testcase classname="Cucumber.TestNGTestRunner" name="runScenario" time="35.132"/>
  <system-out/>
</testsuite> <!-- Cucumber.TestNGTestRunner -->
